Name:     nginx-deployment
Namespace:    default
CreationTimestamp:  Tue, 30 Aug 2016 18:11:37 -0700
Labels:     app=nginx
Annotations:    deployment.kubernetes.io/revision=1
Selector:   app=nginx
Replicas:   2 desired | 2 updated | 2 total | 2 available | 0 unavailable
StrategyType:   RollingUpdate
MinReadySeconds:  0
RollingUpdateStrategy:  1 max unavailable, 1 max surge
Pod Template:
  Labels:       app=nginx
  Containers:
    nginx:
    Image:              nginx:1.14.2
    Port:               80/TCP
    Environment:        <none>
    Mounts:             <none>
  Volumes:              <none>
Conditions:
  Type          Status  Reason
  ----          ------  ------
  Available     True    MinimumReplicasAvailable
  Progressing   True    NewReplicaSetAvailable
OldReplicaSets:   <none>
NewReplicaSet:    nginx-deployment-1771418926 (2/2 replicas created)
No events.